c:\users\thejo\documents\github\crumble-king\x64\debug\vc143.pdb
c:\users\thejo\documents\github\crumble-king\x64\debug\vc143.idb
c:\users\thejo\documents\github\crumble-king\x64\debug\utils.obj
c:\users\thejo\documents\github\crumble-king\x64\debug\tiles.obj
c:\users\thejo\documents\github\crumble-king\x64\debug\text_parsing.obj
c:\users\thejo\documents\github\crumble-king\x64\debug\settings.obj
c:\users\thejo\documents\github\crumble-king\x64\debug\random.obj
c:\users\thejo\documents\github\crumble-king\x64\debug\vec2.obj
c:\users\thejo\documents\github\crumble-king\x64\debug\tower.obj
c:\users\thejo\documents\github\crumble-king\x64\debug\sound.obj
c:\users\thejo\documents\github\crumble-king\x64\debug\platform.obj
c:\users\thejo\documents\github\crumble-king\x64\debug\menu.obj
c:\users\thejo\documents\github\crumble-king\x64\debug\main.obj
c:\users\thejo\documents\github\crumble-king\x64\debug\level_editor.obj
c:\users\thejo\documents\github\crumble-king\x64\debug\level.obj
c:\users\thejo\documents\github\crumble-king\x64\debug\king.obj
c:\users\thejo\documents\github\crumble-king\x64\debug\high_scores.obj
c:\users\thejo\documents\github\crumble-king\x64\debug\game.obj
c:\users\thejo\documents\github\crumble-king\x64\debug\food.obj
c:\users\thejo\documents\github\crumble-king\x64\debug\enemy.obj
c:\users\thejo\documents\github\crumble-king\x64\debug\emote.obj
c:\users\thejo\documents\github\crumble-king\x64\debug\collision.obj
c:\users\thejo\documents\github\crumble-king\x64\debug\animation.obj
c:\users\thejo\documents\github\crumble-king\x64\debug\crumble-king.exe
c:\users\thejo\documents\github\crumble-king\x64\debug\crumble-king.ilk
c:\users\thejo\documents\github\crumble-king\x64\debug\crumble-king.pdb
c:\users\thejo\documents\github\crumble-king\x64\debug\tiles.new.obj.enc
c:\users\thejo\documents\github\crumble-king\x64\debug\crumble-king.tlog\cl.command.1.tlog
c:\users\thejo\documents\github\crumble-king\x64\debug\crumble-king.tlog\cl.read.1.tlog
c:\users\thejo\documents\github\crumble-king\x64\debug\crumble-king.tlog\cl.write.1.tlog
c:\users\thejo\documents\github\crumble-king\x64\debug\crumble-king.tlog\link.command.1.tlog
c:\users\thejo\documents\github\crumble-king\x64\debug\crumble-king.tlog\link.read.1.tlog
c:\users\thejo\documents\github\crumble-king\x64\debug\crumble-king.tlog\link.write.1.tlog
